<?xml version="1.0" encoding="UTF-8"?>
<coverage generated="1586024749187" clover="3.2.0">
  <project timestamp="1586024749187" name="All files">
    <metrics statements="35" coveredstatements="35" conditionals="6" coveredconditionals="6" methods="8" coveredmethods="8" elements="49" coveredelements="49" complexity="0" loc="35" ncloc="35" packages="3" files="6" classes="6"/>
    <package name="controllers.signup">
      <metrics statements="19" coveredstatements="19" conditionals="6" coveredconditionals="6" methods="2" coveredmethods="2"/>
      <file name="signup.ts" path="/home/rigotti/Projetos/node-api-tdd/src/presentation/controllers/signup/signup.ts">
        <metrics statements="19" coveredstatements="19" conditionals="6" coveredconditionals="6" methods="2" coveredmethods="2"/>
        <line num="8" count="1" type="stmt"/>
        <line num="9" count="1" type="stmt"/>
        <line num="11" count="1" type="stmt"/>
        <line num="16" count="11" type="stmt"/>
        <line num="17" count="11" type="stmt"/>
        <line num="21" count="11" type="stmt"/>
        <line num="22" count="11" type="stmt"/>
        <line num="29" count="11" type="stmt"/>
        <line num="30" count="38" type="cond" truecount="2" falsecount="0"/>
        <line num="31" count="4" type="stmt"/>
        <line num="35" count="7" type="stmt"/>
        <line num="36" count="7" type="cond" truecount="2" falsecount="0"/>
        <line num="37" count="1" type="stmt"/>
        <line num="40" count="6" type="stmt"/>
        <line num="41" count="5" type="cond" truecount="2" falsecount="0"/>
        <line num="42" count="1" type="stmt"/>
        <line num="45" count="4" type="stmt"/>
        <line num="51" count="3" type="stmt"/>
        <line num="53" count="2" type="stmt"/>
      </file>
    </package>
    <package name="errors">
      <metrics statements="12" coveredstatements="12" conditionals="0" coveredconditionals="0" methods="3" coveredmethods="3"/>
      <file name="index.ts" path="/home/rigotti/Projetos/node-api-tdd/src/presentation/errors/index.ts">
        <metrics statements="3" coveredstatements="3" conditionals="0" coveredconditionals="0" methods="0" coveredmethods="0"/>
        <line num="1" count="1" type="stmt"/>
        <line num="2" count="1" type="stmt"/>
        <line num="3" count="1" type="stmt"/>
      </file>
      <file name="invalid-param-error.ts" path="/home/rigotti/Projetos/node-api-tdd/src/presentation/errors/invalid-param-error.ts">
        <metrics statements="3" coveredstatements="3" conditionals="0" coveredconditionals="0" methods="1" coveredmethods="1"/>
        <line num="1" count="1" type="stmt"/>
        <line num="3" count="4" type="stmt"/>
        <line num="4" count="4" type="stmt"/>
      </file>
      <file name="missing-param-error.ts" path="/home/rigotti/Projetos/node-api-tdd/src/presentation/errors/missing-param-error.ts">
        <metrics statements="3" coveredstatements="3" conditionals="0" coveredconditionals="0" methods="1" coveredmethods="1"/>
        <line num="1" count="1" type="stmt"/>
        <line num="3" count="8" type="stmt"/>
        <line num="4" count="8" type="stmt"/>
      </file>
      <file name="server-error.ts" path="/home/rigotti/Projetos/node-api-tdd/src/presentation/errors/server-error.ts">
        <metrics statements="3" coveredstatements="3" conditionals="0" coveredconditionals="0" methods="1" coveredmethods="1"/>
        <line num="1" count="1" type="stmt"/>
        <line num="3" count="4" type="stmt"/>
        <line num="4" count="4" type="stmt"/>
      </file>
    </package>
    <package name="helpers">
      <metrics statements="4" coveredstatements="4" conditionals="0" coveredconditionals="0" methods="3" coveredmethods="3"/>
      <file name="http-helper.ts" path="/home/rigotti/Projetos/node-api-tdd/src/presentation/helpers/http-helper.ts">
        <metrics statements="4" coveredstatements="4" conditionals="0" coveredconditionals="0" methods="3" coveredmethods="3"/>
        <line num="2" count="1" type="stmt"/>
        <line num="4" count="6" type="stmt"/>
        <line num="9" count="2" type="stmt"/>
        <line num="14" count="3" type="stmt"/>
      </file>
    </package>
  </project>
</coverage>
