{"/home/rigotti/Projetos/node-api-tdd/src/presentation/controllers/signup/signup.ts": {"path":"/home/rigotti/Projetos/node-api-tdd/src/presentation/controllers/signup/signup.ts","statementMap":{"0":{"start":{"line":8,"column":0},"end":{"line":8,"column":67}},"1":{"start":{"line":9,"column":0},"end":{"line":9,"column":71}},"2":{"start":{"line":16,"column":4},"end":{"line":16,"column":null}},"3":{"start":{"line":17,"column":4},"end":{"line":17,"column":null}},"4":{"start":{"line":21,"column":4},"end":{"line":54,"column":null}},"5":{"start":{"line":22,"column":28},"end":{"line":27,"column":null}},"6":{"start":{"line":29,"column":6},"end":{"line":33,"column":null}},"7":{"start":{"line":30,"column":8},"end":{"line":32,"column":null}},"8":{"start":{"line":31,"column":10},"end":{"line":31,"column":null}},"9":{"start":{"line":35,"column":62},"end":{"line":35,"column":78}},"10":{"start":{"line":36,"column":6},"end":{"line":38,"column":null}},"11":{"start":{"line":37,"column":8},"end":{"line":37,"column":null}},"12":{"start":{"line":40,"column":22},"end":{"line":40,"column":56}},"13":{"start":{"line":41,"column":6},"end":{"line":43,"column":null}},"14":{"start":{"line":42,"column":8},"end":{"line":42,"column":null}},"15":{"start":{"line":45,"column":22},"end":{"line":49,"column":8}},"16":{"start":{"line":51,"column":6},"end":{"line":51,"column":null}},"17":{"start":{"line":53,"column":6},"end":{"line":53,"column":null}},"18":{"start":{"line":11,"column":0},"end":{"line":11,"column":13}}},"fnMap":{"0":{"name":"(anonymous_0)","decl":{"start":{"line":15,"column":2},"end":{"line":15,"column":15}},"loc":{"start":{"line":15,"column":69},"end":{"line":18,"column":3}}},"1":{"name":"(anonymous_1)","decl":{"start":{"line":20,"column":2},"end":{"line":20,"column":7}},"loc":{"start":{"line":20,"column":40},"end":{"line":55,"column":3}}}},"branchMap":{"0":{"loc":{"start":{"line":30,"column":8},"end":{"line":32,"column":null}},"type":"if","locations":[{"start":{"line":30,"column":8},"end":{"line":32,"column":null}},{"start":{"line":30,"column":8},"end":{"line":32,"column":null}}]},"1":{"loc":{"start":{"line":36,"column":6},"end":{"line":38,"column":null}},"type":"if","locations":[{"start":{"line":36,"column":6},"end":{"line":38,"column":null}},{"start":{"line":36,"column":6},"end":{"line":38,"column":null}}]},"2":{"loc":{"start":{"line":41,"column":6},"end":{"line":43,"column":null}},"type":"if","locations":[{"start":{"line":41,"column":6},"end":{"line":43,"column":null}},{"start":{"line":41,"column":6},"end":{"line":43,"column":null}}]}},"s":{"0":1,"1":1,"2":11,"3":11,"4":11,"5":11,"6":11,"7":38,"8":4,"9":7,"10":7,"11":1,"12":6,"13":5,"14":1,"15":4,"16":3,"17":2,"18":1},"f":{"0":11,"1":11},"b":{"0":[4,34],"1":[1,6],"2":[1,4]}}
,"/home/rigotti/Projetos/node-api-tdd/src/presentation/errors/index.ts": {"path":"/home/rigotti/Projetos/node-api-tdd/src/presentation/errors/index.ts","statementMap":{"0":{"start":{"line":1,"column":0},"end":{"line":1,"column":37}},"1":{"start":{"line":2,"column":0},"end":{"line":2,"column":37}},"2":{"start":{"line":3,"column":0},"end":{"line":3,"column":30}}},"fnMap":{},"branchMap":{},"s":{"0":1,"1":1,"2":1},"f":{},"b":{}}
,"/home/rigotti/Projetos/node-api-tdd/src/presentation/errors/invalid-param-error.ts": {"path":"/home/rigotti/Projetos/node-api-tdd/src/presentation/errors/invalid-param-error.ts","statementMap":{"0":{"start":{"line":3,"column":4},"end":{"line":3,"column":null}},"1":{"start":{"line":4,"column":4},"end":{"line":4,"column":null}},"2":{"start":{"line":1,"column":0},"end":{"line":1,"column":13}}},"fnMap":{"0":{"name":"(anonymous_0)","decl":{"start":{"line":2,"column":2},"end":{"line":2,"column":15}},"loc":{"start":{"line":2,"column":32},"end":{"line":5,"column":3}}}},"branchMap":{},"s":{"0":4,"1":4,"2":1},"f":{"0":4},"b":{}}
,"/home/rigotti/Projetos/node-api-tdd/src/presentation/errors/missing-param-error.ts": {"path":"/home/rigotti/Projetos/node-api-tdd/src/presentation/errors/missing-param-error.ts","statementMap":{"0":{"start":{"line":3,"column":4},"end":{"line":3,"column":null}},"1":{"start":{"line":4,"column":4},"end":{"line":4,"column":null}},"2":{"start":{"line":1,"column":0},"end":{"line":1,"column":13}}},"fnMap":{"0":{"name":"(anonymous_0)","decl":{"start":{"line":2,"column":2},"end":{"line":2,"column":15}},"loc":{"start":{"line":2,"column":32},"end":{"line":5,"column":3}}}},"branchMap":{},"s":{"0":8,"1":8,"2":1},"f":{"0":8},"b":{}}
,"/home/rigotti/Projetos/node-api-tdd/src/presentation/errors/server-error.ts": {"path":"/home/rigotti/Projetos/node-api-tdd/src/presentation/errors/server-error.ts","statementMap":{"0":{"start":{"line":3,"column":4},"end":{"line":3,"column":null}},"1":{"start":{"line":4,"column":4},"end":{"line":4,"column":null}},"2":{"start":{"line":1,"column":0},"end":{"line":1,"column":13}}},"fnMap":{"0":{"name":"(anonymous_0)","decl":{"start":{"line":2,"column":2},"end":{"line":2,"column":null}},"loc":{"start":{"line":2,"column":2},"end":{"line":5,"column":3}}}},"branchMap":{},"s":{"0":4,"1":4,"2":1},"f":{"0":4},"b":{}}
,"/home/rigotti/Projetos/node-api-tdd/src/presentation/helpers/http-helper.ts": {"path":"/home/rigotti/Projetos/node-api-tdd/src/presentation/helpers/http-helper.ts","statementMap":{"0":{"start":{"line":2,"column":0},"end":{"line":2,"column":52}},"1":{"start":{"line":4,"column":13},"end":{"line":7,"column":null}},"2":{"start":{"line":4,"column":59},"end":{"line":7,"column":2}},"3":{"start":{"line":9,"column":13},"end":{"line":12,"column":null}},"4":{"start":{"line":9,"column":48},"end":{"line":12,"column":2}},"5":{"start":{"line":14,"column":13},"end":{"line":17,"column":null}},"6":{"start":{"line":14,"column":48},"end":{"line":17,"column":2}}},"fnMap":{"0":{"name":"(anonymous_0)","decl":{"start":{"line":4,"column":26},"end":{"line":4,"column":27}},"loc":{"start":{"line":4,"column":59},"end":{"line":7,"column":2}}},"1":{"name":"(anonymous_1)","decl":{"start":{"line":9,"column":27},"end":{"line":9,"column":44}},"loc":{"start":{"line":9,"column":48},"end":{"line":12,"column":2}}},"2":{"name":"(anonymous_2)","decl":{"start":{"line":14,"column":18},"end":{"line":14,"column":19}},"loc":{"start":{"line":14,"column":48},"end":{"line":17,"column":2}}}},"branchMap":{},"s":{"0":1,"1":1,"2":6,"3":1,"4":2,"5":1,"6":3},"f":{"0":6,"1":2,"2":3},"b":{}}
}
